<?xml version="1.0" encoding="UTF-8"?>
<!-- Generated by org.testng.reporters.JUnitXMLReporter -->
<testsuite ignored="0" hostname="LAPTOP-V4TP6C3C" failures="0" tests="3" name="Default test" time="3.377" errors="0" timestamp="27 Dec 2023 14:59:57 GMT">
  <testcase classname="org.sample.TestSample" name="tc0" time="1.867"/>
  <testcase classname="org.sample.TestSample" name="tc1" time="0.668"/>
  <testcase classname="org.sample.TestSample" name="tc2" time="0.811"/>
</testsuite> <!-- Default test -->
