<?xml version="1.0" encoding="UTF-8"?>
<testng-results ignored="0" total="3" passed="3" failed="0" skipped="0">
  <reporter-output>
  </reporter-output>
  <suite started-at="2023-12-27T14:59:53Z" name="Default suite" finished-at="2023-12-27T14:59:57Z" duration-ms="3377">
    <groups>
    </groups>
    <test started-at="2023-12-27T14:59:53Z" name="Default test" finished-at="2023-12-27T14:59:57Z" duration-ms="3377">
      <class name="org.sample.TestSample">
        <test-method signature="tc0()[pri:0, instance:org.sample.TestSample@7b02881e]" started-at="2023-12-27T20:29:53Z" name="tc0" finished-at="2023-12-27T20:29:55Z" duration-ms="1867" status="PASS">
          <reporter-output>
          </reporter-output>
        </test-method> <!-- tc0 -->
        <test-method signature="tc1()[pri:0, instance:org.sample.TestSample@7b02881e]" started-at="2023-12-27T20:29:55Z" name="tc1" finished-at="2023-12-27T20:29:56Z" duration-ms="668" status="PASS">
          <reporter-output>
          </reporter-output>
        </test-method> <!-- tc1 -->
        <test-method signature="tc2()[pri:0, instance:org.sample.TestSample@7b02881e]" started-at="2023-12-27T20:29:56Z" name="tc2" finished-at="2023-12-27T20:29:57Z" duration-ms="811" status="PASS">
          <reporter-output>
          </reporter-output>
        </test-method> <!-- tc2 -->
      </class> <!-- org.sample.TestSample -->
    </test> <!-- Default test -->
  </suite> <!-- Default suite -->
</testng-results>
